c:\users\ll\documents\visual studio 2015\projects\mysimplerpggame\mysimplerpggame\debug\mysimplerpggame.pch
c:\users\ll\documents\visual studio 2015\projects\mysimplerpggame\mysimplerpggame\debug\vc140.pdb
c:\users\ll\documents\visual studio 2015\projects\mysimplerpggame\mysimplerpggame\debug\vc140.idb
c:\users\ll\documents\visual studio 2015\projects\mysimplerpggame\mysimplerpggame\debug\stdafx.obj
c:\users\ll\documents\visual studio 2015\projects\mysimplerpggame\mysimplerpggame\debug\mysimplerpggame.obj
c:\users\ll\documents\visual studio 2015\projects\mysimplerpggame\mysimplerpggame\debug\character.obj
c:\users\ll\documents\visual studio 2015\projects\mysimplerpggame\mysimplerpggame\debug\armor.obj
c:\users\ll\documents\visual studio 2015\projects\mysimplerpggame\mysimplerpggame\debug\gamescene.obj
c:\users\ll\documents\visual studio 2015\projects\mysimplerpggame\mysimplerpggame\debug\mapsystem.obj
c:\users\ll\documents\visual studio 2015\projects\mysimplerpggame\mysimplerpggame\debug\technique.obj
c:\users\ll\documents\visual studio 2015\projects\mysimplerpggame\mysimplerpggame\debug\weapen.obj
c:\users\ll\documents\visual studio 2015\projects\mysimplerpggame\mysimplerpggame\debug\battlesystem.obj
c:\users\ll\documents\visual studio 2015\projects\mysimplerpggame\mysimplerpggame\debug\gamecontroller.obj
c:\users\ll\documents\visual studio 2015\projects\mysimplerpggame\mysimplerpggame\debug\gamemanager.obj
c:\users\ll\documents\visual studio 2015\projects\mysimplerpggame\mysimplerpggame\debug\collidablemanager.obj
c:\users\ll\documents\visual studio 2015\projects\mysimplerpggame\mysimplerpggame\debug\fileio.obj
c:\users\ll\documents\visual studio 2015\projects\mysimplerpggame\debug\mysimplerpggame.ilk
c:\users\ll\documents\visual studio 2015\projects\mysimplerpggame\debug\mysimplerpggame.exe
c:\users\ll\documents\visual studio 2015\projects\mysimplerpggame\debug\mysimplerpggame.pdb
c:\users\ll\documents\visual studio 2015\projects\mysimplerpggame\mysimplerpggame\debug\mysimplerpggame.tlog\cl.command.1.tlog
c:\users\ll\documents\visual studio 2015\projects\mysimplerpggame\mysimplerpggame\debug\mysimplerpggame.tlog\cl.read.1.tlog
c:\users\ll\documents\visual studio 2015\projects\mysimplerpggame\mysimplerpggame\debug\mysimplerpggame.tlog\cl.write.1.tlog
c:\users\ll\documents\visual studio 2015\projects\mysimplerpggame\mysimplerpggame\debug\mysimplerpggame.tlog\link.command.1.tlog
c:\users\ll\documents\visual studio 2015\projects\mysimplerpggame\mysimplerpggame\debug\mysimplerpggame.tlog\link.read.1.tlog
c:\users\ll\documents\visual studio 2015\projects\mysimplerpggame\mysimplerpggame\debug\mysimplerpggame.tlog\link.write.1.tlog
